d:\renderer\renderer\x64\debug\vc143.pdb
d:\renderer\renderer\x64\debug\vc143.idb
d:\renderer\renderer\x64\debug\tgaimage.obj
d:\renderer\renderer\x64\debug\our_gl.obj
d:\renderer\renderer\x64\debug\model.obj
d:\renderer\renderer\x64\debug\main.obj
d:\renderer\renderer\x64\debug\geometry.obj
d:\renderer\x64\debug\renderer.exe
d:\renderer\renderer\x64\debug\renderer.ilk
d:\renderer\x64\debug\renderer.pdb
d:\renderer\renderer\x64\debug\mainrender.obj
d:\renderer\renderer\x64\debug\vc141.idb
d:\renderer\renderer\x64\debug\vc141.pdb
d:\renderer\x64\debug\renderer.ilk
d:\renderer\renderer\x64\debug\renderer.tlog\cl.command.1.tlog
d:\renderer\renderer\x64\debug\renderer.tlog\cl.items.tlog
d:\renderer\renderer\x64\debug\renderer.tlog\cl.read.1.tlog
d:\renderer\renderer\x64\debug\renderer.tlog\cl.write.1.tlog
d:\renderer\renderer\x64\debug\renderer.tlog\link.command.1.tlog
d:\renderer\renderer\x64\debug\renderer.tlog\link.read.1.tlog
d:\renderer\renderer\x64\debug\renderer.tlog\link.write.1.tlog
